{
  "RSpec": {
    "coverage": {
      "/Users/ash/dev/gitThreeView/app/models/user.rb": [
        1,
        null,
        1,
        1,
        1,
        null,
        1,
        null,
        1,
        0,
        null,
        null,
        1,
        0,
        null,
        null,
        1,
        0,
        0,
        0,
        null,
        null,
        null,
        null,
        null,
        null,
        null,
        0,
        0,
        null,
        null,
        null
      ]
    },
    "timestamp": 1400370458
  }
}
